action: py38, msg: envreport
cwd: C:\Users\Tobias\PycharmProjects\robotic-arm-for-chess
cmd: 'C:\Users\Tobias\PycharmProjects\robotic-arm-for-chess\.tox\py38\Scripts\python.EXE' -m pip freeze
attrs==22.1.0
colorama==0.4.5
contourpy==1.0.5
coverage==6.4.4
cycler==0.11.0
distlib==0.3.6
filelock==3.8.0
fonttools==4.37.2
imageio==2.21.3
iniconfig==1.1.1
joblib==1.2.0
kiwisolver==1.4.4
matplotlib==3.6.0
networkx==2.8.6
numpy==1.23.3
packaging==21.3
Pillow==9.2.0
platformdirs==2.5.2
pluggy==1.0.0
py==1.11.0
pyparsing==3.0.9
pytest==7.1.3
pytest-cov==3.0.0
python-dateutil==2.8.2
PyWavelets==1.4.1
robotic-arm-for-chess @ file:///C:/Users/Tobias/PycharmProjects/robotic-arm-for-chess/.tox/.tmp/package/1/robotic-arm-for-chess-0.0.0.tar.gz
scikit-image==0.19.3
scikit-learn==1.1.2
scipy==1.9.1
six==1.16.0
stockfish==3.28.0
threadpoolctl==3.1.0
tifffile==2022.8.12
tomli==2.0.1
tox==3.26.0
virtualenv==20.16.5
