action: py38, msg: installpkg
cwd: C:\Users\Tobias\PycharmProjects\robotic-arm-for-chess
cmd: 'C:\Users\Tobias\PycharmProjects\robotic-arm-for-chess\.tox\py38\Scripts\python.EXE' -m pip install --no-deps -U '.tox\.tmp\package\1\robotic-arm-for-chess-0.0.0.tar.gz'
Processing c:\users\tobias\pycharmprojects\robotic-arm-for-chess\.tox\.tmp\package\1\robotic-arm-for-chess-0.0.0.tar.gz
  Installing build dependencies: started
  Installing build dependencies: finished with status 'done'
  Getting requirements to build wheel: started
  Getting requirements to build wheel: finished with status 'done'
  Preparing metadata (pyproject.toml): started
  Preparing metadata (pyproject.toml): finished with status 'done'
Building wheels for collected packages: robotic-arm-for-chess
  Building wheel for robotic-arm-for-chess (pyproject.toml): started
  Building wheel for robotic-arm-for-chess (pyproject.toml): finished with status 'done'
  Created wheel for robotic-arm-for-chess: filename=robotic_arm_for_chess-0.0.0-py3-none-any.whl size=15738 sha256=ecc19baa1c756ced514a5e495711eeaf1a623e291502c85771629261ae440444
  Stored in directory: c:\users\tobias\appdata\local\pip\cache\wheels\99\34\dd\e8a2a9228bae4a7b9f1005dad0248d50f5737b66de6e8a0534
Successfully built robotic-arm-for-chess
Installing collected packages: robotic-arm-for-chess
  Attempting uninstall: robotic-arm-for-chess
    Found existing installation: robotic-arm-for-chess 0.0.0
    Uninstalling robotic-arm-for-chess-0.0.0:
      Successfully uninstalled robotic-arm-for-chess-0.0.0
Successfully installed robotic-arm-for-chess-0.0.0
