action: py38, msg: getenv
cwd: C:\Users\Tobias\PycharmProjects\robotic-arm-for-chess
cmd: 'C:\Users\Tobias\PycharmProjects\robotic-arm-for-chess\.tox\py38\Scripts\python.EXE' -m pip install '-rC:\Users\Tobias\PycharmProjects\robotic-arm-for-chess/requirements_dev.txt'
Collecting pytest==7.1.3
  Using cached pytest-7.1.3-py3-none-any.whl (298 kB)
Collecting pytest-cov==3.0.0
  Using cached pytest_cov-3.0.0-py3-none-any.whl (20 kB)
Collecting tox==3.26.0
  Using cached tox-3.26.0-py2.py3-none-any.whl (86 kB)
Collecting attrs>=19.2.0
  Using cached attrs-22.1.0-py2.py3-none-any.whl (58 kB)
Collecting iniconfig
  Using cached iniconfig-1.1.1-py2.py3-none-any.whl (5.0 kB)
Collecting tomli>=1.0.0
  Using cached tomli-2.0.1-py3-none-any.whl (12 kB)
Collecting colorama
  Downloading colorama-0.4.5-py2.py3-none-any.whl (16 kB)
Collecting pluggy<2.0,>=0.12
  Using cached pluggy-1.0.0-py2.py3-none-any.whl (13 kB)
Collecting packaging
  Using cached packaging-21.3-py3-none-any.whl (40 kB)
Collecting py>=1.8.2
  Using cached py-1.11.0-py2.py3-none-any.whl (98 kB)
Collecting coverage[toml]>=5.2.1
  Using cached coverage-6.4.4-cp38-cp38-win_amd64.whl (187 kB)
Collecting six>=1.14.0
  Downloading six-1.16.0-py2.py3-none-any.whl (11 kB)
Collecting virtualenv!=20.0.0,!=20.0.1,!=20.0.2,!=20.0.3,!=20.0.4,!=20.0.5,!=20.0.6,!=20.0.7,>=16.0.0
  Using cached virtualenv-20.16.5-py3-none-any.whl (8.8 MB)
Collecting filelock>=3.0.0
  Using cached filelock-3.8.0-py3-none-any.whl (10 kB)
Collecting pyparsing!=3.0.5,>=2.0.2
  Downloading pyparsing-3.0.9-py3-none-any.whl (98 kB)
     ---------------------------------------- 98.3/98.3 kB 1.9 MB/s eta 0:00:00
Collecting distlib<1,>=0.3.5
  Using cached distlib-0.3.6-py2.py3-none-any.whl (468 kB)
Collecting platformdirs<3,>=2.4
  Using cached platformdirs-2.5.2-py3-none-any.whl (14 kB)
Installing collected packages: iniconfig, distlib, tomli, six, pyparsing, py, pluggy, platformdirs, filelock, coverage, colorama, attrs, virtualenv, packaging, tox, pytest, pytest-cov
Successfully installed attrs-22.1.0 colorama-0.4.5 coverage-6.4.4 distlib-0.3.6 filelock-3.8.0 iniconfig-1.1.1 packaging-21.3 platformdirs-2.5.2 pluggy-1.0.0 py-1.11.0 pyparsing-3.0.9 pytest-7.1.3 pytest-cov-3.0.0 six-1.16.0 tomli-2.0.1 tox-3.26.0 virtualenv-20.16.5
