action: .package, msg: perform-isolated-build
cwd: C:\Users\Tobias\PycharmProjects\robotic-arm-for-chess
cmd: 'C:\Users\Tobias\PycharmProjects\robotic-arm-for-chess\.tox\.package\Scripts\python' 'C:\Users\Tobias\AppData\Local\Programs\Python\Python38\Lib\site-packages\tox\helper\build_isolated.py' '.tox\dist' setuptools.build_meta '' ''
running sdist
running egg_info
writing src\robotic_arm_for_chess.egg-info\PKG-INFO
writing dependency_links to src\robotic_arm_for_chess.egg-info\dependency_links.txt
writing requirements to src\robotic_arm_for_chess.egg-info\requires.txt
writing top-level names to src\robotic_arm_for_chess.egg-info\top_level.txt
reading manifest file 'src\robotic_arm_for_chess.egg-info\SOURCES.txt'
adding license file 'LICENSE'
writing manifest file 'src\robotic_arm_for_chess.egg-info\SOURCES.txt'
running check
creating robotic-arm-for-chess-0.0.0
creating robotic-arm-for-chess-0.0.0\src
creating robotic-arm-for-chess-0.0.0\src\Chess_Engine
creating robotic-arm-for-chess-0.0.0\src\Chessboard_Detection
creating robotic-arm-for-chess-0.0.0\src\robotic_arm_for_chess.egg-info
copying files to robotic-arm-for-chess-0.0.0...
copying LICENSE -> robotic-arm-for-chess-0.0.0
copying README.md -> robotic-arm-for-chess-0.0.0
copying pyproject.toml -> robotic-arm-for-chess-0.0.0
copying setup.cfg -> robotic-arm-for-chess-0.0.0
copying setup.py -> robotic-arm-for-chess-0.0.0
copying src\Chess_Engine\Chessengine.py -> robotic-arm-for-chess-0.0.0\src\Chess_Engine
copying src\Chess_Engine\__init__.py -> robotic-arm-for-chess-0.0.0\src\Chess_Engine
copying src\Chess_Engine\py.typed -> robotic-arm-for-chess-0.0.0\src\Chess_Engine
copying src\Chessboard_Detection\First_Hog_Test.py -> robotic-arm-for-chess-0.0.0\src\Chessboard_Detection
copying src\Chessboard_Detection\__init__.py -> robotic-arm-for-chess-0.0.0\src\Chessboard_Detection
copying src\Chessboard_Detection\py.typed -> robotic-arm-for-chess-0.0.0\src\Chessboard_Detection
copying src\robotic_arm_for_chess.egg-info\PKG-INFO -> robotic-arm-for-chess-0.0.0\src\robotic_arm_for_chess.egg-info
copying src\robotic_arm_for_chess.egg-info\SOURCES.txt -> robotic-arm-for-chess-0.0.0\src\robotic_arm_for_chess.egg-info
copying src\robotic_arm_for_chess.egg-info\dependency_links.txt -> robotic-arm-for-chess-0.0.0\src\robotic_arm_for_chess.egg-info
copying src\robotic_arm_for_chess.egg-info\not-zip-safe -> robotic-arm-for-chess-0.0.0\src\robotic_arm_for_chess.egg-info
copying src\robotic_arm_for_chess.egg-info\requires.txt -> robotic-arm-for-chess-0.0.0\src\robotic_arm_for_chess.egg-info
copying src\robotic_arm_for_chess.egg-info\top_level.txt -> robotic-arm-for-chess-0.0.0\src\robotic_arm_for_chess.egg-info
Writing robotic-arm-for-chess-0.0.0\setup.cfg
Creating tar archive
removing 'robotic-arm-for-chess-0.0.0' (and everything under it)
robotic-arm-for-chess-0.0.0.tar.gz
